<?xml version="1.0" encoding="UTF-8"?>
<!-- Generated by org.testng.reporters.JUnitReportReporter -->
<testsuite skipped="0" hostname="LOXTIPL0012680" name="Open_apk" tests="1" failures="0" timestamp="16 Sep 2018 19:53:14 GMT" time="0.015" errors="0">
  <testcase name="testCal" time="0.015" classname="Open_apk"/>
</testsuite> <!-- Open_apk -->
