<?xml version="1.0" encoding="UTF-8"?>
<!-- Generated by org.testng.reporters.JUnitReportReporter -->
<testsuite skipped="0" hostname="LOXTIPL0012680" name="switch_apk" tests="1" failures="0" timestamp="20 Oct 2018 23:58:54 GMT" time="0.015" errors="0">
  <testcase name="testCal" time="0.015" classname="switch_apk"/>
</testsuite> <!-- switch_apk -->
